<?xml version="1.0" encoding="UTF-8"?>
<!-- Generated by org.testng.reporters.JUnitReportReporter -->
<testsuite hostname="SUMGUPTA-WN3570" failures="0" tests="3" name="Test.day3" time="0.007" errors="0" timestamp="2025-03-25T16:11:36 PDT" skipped="0">
  <testcase classname="Test.day3" name="webLoginCarLoan" time="0.003"/>
  <testcase classname="Test.day3" name="MobileLoginCarLoan" time="0.002"/>
  <testcase classname="Test.day3" name="APILoginCarLoan" time="0.002"/>
</testsuite> <!-- Test.day3 -->
