<?xml version="1.0" encoding="UTF-8"?>
<!-- Generated by org.testng.reporters.JUnitReportReporter -->
<testsuite hostname="SUMGUPTA-WN3570" failures="0" tests="1" name="Test.day2" time="0.016" errors="0" timestamp="2025-03-25T16:11:36 PDT" skipped="0">
  <testcase classname="Test.day2" name="ploan" time="0.016"/>
</testsuite> <!-- Test.day2 -->
