<?xml version="1.0" encoding="UTF-8"?>
<!-- Generated by org.testng.reporters.JUnitReportReporter -->
<testsuite hostname="SUMGUPTA-WN3570" failures="0" tests="2" name="Test.day1" time="0.005" errors="0" timestamp="2025-03-25T16:11:36 PDT" skipped="0">
  <testcase classname="Test.day1" name="secondTest" time="0.003"/>
  <testcase classname="Test.day1" name="demo" time="0.002"/>
</testsuite> <!-- Test.day1 -->
